<?xml version="1.0" encoding="UTF-8"?>
<testng-results ignored="0" total="3" passed="3" failed="0" skipped="0">
  <reporter-output>
  </reporter-output>
  <suite started-at="2024-07-05T18:42:09 IST" name="Default suite" finished-at="2024-07-05T18:42:25 IST" duration-ms="15374">
    <groups>
    </groups>
    <test started-at="2024-07-05T18:42:09 IST" name="Default test" finished-at="2024-07-05T18:42:25 IST" duration-ms="15374">
      <class name="fpackage.LoginPage">
        <test-method is-config="true" signature="beforeMethod()[pri:0, instance:fpackage.LoginPage@188715b5]" started-at="2024-07-05T18:42:09 IST" name="beforeMethod" finished-at="2024-07-05T18:42:13 IST" duration-ms="4137" status="PASS">
          <reporter-output>
          </reporter-output>
        </test-method> <!-- beforeMethod -->
        <test-method signature="Blank_Text_Field_should_Not_Accept()[pri:0, instance:fpackage.LoginPage@188715b5]" started-at="2024-07-05T18:42:13 IST" name="Blank_Text_Field_should_Not_Accept" finished-at="2024-07-05T18:42:14 IST" duration-ms="525" status="PASS">
          <reporter-output>
          </reporter-output>
        </test-method> <!-- Blank_Text_Field_should_Not_Accept -->
        <test-method is-config="true" signature="afterMethod(org.testng.ITestResult)[pri:0, instance:fpackage.LoginPage@188715b5]" started-at="2024-07-05T18:42:14 IST" name="afterMethod" finished-at="2024-07-05T18:42:14 IST" duration-ms="73" status="PASS">
          <params>
            <param index="0">
              <value>
                <![CDATA[[TestResult name=Blank_Text_Field_should_Not_Accept status=SUCCESS method=LoginPage.Blank_Text_Field_should_Not_Accept()[pri:0, instance:fpackage.LoginPage@188715b5] output={null}]]]>
              </value>
            </param>
          </params>
          <reporter-output>
          </reporter-output>
        </test-method> <!-- afterMethod -->
        <test-method is-config="true" signature="beforeMethod()[pri:0, instance:fpackage.LoginPage@188715b5]" started-at="2024-07-05T18:42:14 IST" name="beforeMethod" finished-at="2024-07-05T18:42:17 IST" duration-ms="3471" status="PASS">
          <reporter-output>
          </reporter-output>
        </test-method> <!-- beforeMethod -->
        <test-method signature="User_should_Not_be_Enter_In_dashboard()[pri:0, instance:fpackage.LoginPage@188715b5]" started-at="2024-07-05T18:42:17 IST" name="User_should_Not_be_Enter_In_dashboard" finished-at="2024-07-05T18:42:19 IST" duration-ms="1503" status="PASS">
          <reporter-output>
          </reporter-output>
        </test-method> <!-- User_should_Not_be_Enter_In_dashboard -->
        <test-method is-config="true" signature="afterMethod(org.testng.ITestResult)[pri:0, instance:fpackage.LoginPage@188715b5]" started-at="2024-07-05T18:42:19 IST" name="afterMethod" finished-at="2024-07-05T18:42:19 IST" duration-ms="72" status="PASS">
          <params>
            <param index="0">
              <value>
                <![CDATA[[TestResult name=User_should_Not_be_Enter_In_dashboard status=SUCCESS method=LoginPage.User_should_Not_be_Enter_In_dashboard()[pri:0, instance:fpackage.LoginPage@188715b5] output={null}]]]>
              </value>
            </param>
          </params>
          <reporter-output>
          </reporter-output>
        </test-method> <!-- afterMethod -->
        <test-method is-config="true" signature="beforeMethod()[pri:0, instance:fpackage.LoginPage@188715b5]" started-at="2024-07-05T18:42:19 IST" name="beforeMethod" finished-at="2024-07-05T18:42:23 IST" duration-ms="3543" status="PASS">
          <reporter-output>
          </reporter-output>
        </test-method> <!-- beforeMethod -->
        <test-method signature="User_should_be_Enter_In_dashboard()[pri:0, instance:fpackage.LoginPage@188715b5]" started-at="2024-07-05T18:42:23 IST" name="User_should_be_Enter_In_dashboard" finished-at="2024-07-05T18:42:25 IST" duration-ms="1972" status="PASS">
          <reporter-output>
          </reporter-output>
        </test-method> <!-- User_should_be_Enter_In_dashboard -->
        <test-method is-config="true" signature="afterMethod(org.testng.ITestResult)[pri:0, instance:fpackage.LoginPage@188715b5]" started-at="2024-07-05T18:42:25 IST" name="afterMethod" finished-at="2024-07-05T18:42:25 IST" duration-ms="43" status="PASS">
          <params>
            <param index="0">
              <value>
                <![CDATA[[TestResult name=User_should_be_Enter_In_dashboard status=SUCCESS method=LoginPage.User_should_be_Enter_In_dashboard()[pri:0, instance:fpackage.LoginPage@188715b5] output={null}]]]>
              </value>
            </param>
          </params>
          <reporter-output>
          </reporter-output>
        </test-method> <!-- afterMethod -->
      </class> <!-- fpackage.LoginPage -->
    </test> <!-- Default test -->
  </suite> <!-- Default suite -->
</testng-results>
