<?xml version="1.0" encoding="UTF-8"?>
<!-- Generated by org.testng.reporters.JUnitXMLReporter -->
<testsuite ignored="0" hostname="DESKTOP-T93JTV2" failures="0" tests="3" name="Default test" time="15.374" errors="0" timestamp="2024-07-05T18:42:25 IST">
  <testcase classname="fpackage.LoginPage" name="Blank_Text_Field_should_Not_Accept" time="0.525"/>
  <testcase classname="fpackage.LoginPage" name="User_should_Not_be_Enter_In_dashboard" time="1.503"/>
  <testcase classname="fpackage.LoginPage" name="User_should_be_Enter_In_dashboard" time="1.972"/>
</testsuite> <!-- Default test -->
