<?xml version="1.0" encoding="UTF-8"?>
<testng-results ignored="0" total="3" passed="3" failed="0" skipped="0">
  <reporter-output>
  </reporter-output>
  <suite started-at="2024-06-17T15:46:14 IST" name="TestSuite" finished-at="2024-06-17T15:47:09 IST" duration-ms="54771">
    <groups>
    </groups>
    <test started-at="2024-06-17T15:46:14 IST" name="ChromeTest" finished-at="2024-06-17T15:46:32 IST" duration-ms="17618">
      <class name="selenium.CrossBrowserScript">
        <test-method is-config="true" signature="setup(java.lang.String)[pri:0, instance:selenium.CrossBrowserScript@557caf28]" started-at="2024-06-17T15:46:14 IST" name="setup" finished-at="2024-06-17T15:46:16 IST" duration-ms="1679" status="PASS">
          <params>
            <param index="0">
              <value>
                <![CDATA[Chrome]]>
              </value>
            </param>
          </params>
          <reporter-output>
          </reporter-output>
        </test-method> <!-- setup -->
        <test-method signature="testParameterWithXML()[pri:0, instance:selenium.CrossBrowserScript@557caf28]" started-at="2024-06-17T15:46:16 IST" name="testParameterWithXML" finished-at="2024-06-17T15:46:32 IST" duration-ms="15908" status="PASS">
          <reporter-output>
          </reporter-output>
        </test-method> <!-- testParameterWithXML -->
      </class> <!-- selenium.CrossBrowserScript -->
    </test> <!-- ChromeTest -->
    <test started-at="2024-06-17T15:46:14 IST" name="FirefoxTest" finished-at="2024-06-17T15:47:09 IST" duration-ms="54183">
      <class name="selenium.CrossBrowserScript">
        <test-method is-config="true" signature="setup(java.lang.String)[pri:0, instance:selenium.CrossBrowserScript@4b2bac3f]" started-at="2024-06-17T15:46:14 IST" name="setup" finished-at="2024-06-17T15:46:18 IST" duration-ms="3705" status="PASS">
          <params>
            <param index="0">
              <value>
                <![CDATA[Firefox]]>
              </value>
            </param>
          </params>
          <reporter-output>
          </reporter-output>
        </test-method> <!-- setup -->
        <test-method signature="testParameterWithXML()[pri:0, instance:selenium.CrossBrowserScript@4b2bac3f]" started-at="2024-06-17T15:46:18 IST" name="testParameterWithXML" finished-at="2024-06-17T15:47:09 IST" duration-ms="50461" status="PASS">
          <reporter-output>
          </reporter-output>
        </test-method> <!-- testParameterWithXML -->
      </class> <!-- selenium.CrossBrowserScript -->
    </test> <!-- FirefoxTest -->
    <test started-at="2024-06-17T15:46:32 IST" name="EdgeTest" finished-at="2024-06-17T15:47:09 IST" duration-ms="37117">
      <class name="selenium.CrossBrowserScript">
        <test-method is-config="true" signature="setup(java.lang.String)[pri:0, instance:selenium.CrossBrowserScript@bcec361]" started-at="2024-06-17T15:46:32 IST" name="setup" finished-at="2024-06-17T15:46:35 IST" duration-ms="2806" status="PASS">
          <params>
            <param index="0">
              <value>
                <![CDATA[Edge]]>
              </value>
            </param>
          </params>
          <reporter-output>
          </reporter-output>
        </test-method> <!-- setup -->
        <test-method signature="testParameterWithXML()[pri:0, instance:selenium.CrossBrowserScript@bcec361]" started-at="2024-06-17T15:46:35 IST" name="testParameterWithXML" finished-at="2024-06-17T15:47:09 IST" duration-ms="34308" status="PASS">
          <reporter-output>
          </reporter-output>
        </test-method> <!-- testParameterWithXML -->
      </class> <!-- selenium.CrossBrowserScript -->
    </test> <!-- EdgeTest -->
  </suite> <!-- TestSuite -->
</testng-results>
